You are at (2, 3).
You are at (2, 4).
You are at (1, 4).
You are at (1, 3).
The Wumpus is at (3, 4).
The Wumpus is at (2, 4).
The Wumpus is at (2, 3).
The Wumpus is at (3, 3).
The Wumpus is at (3, 4).
You are at (2, 3).
The Wumpus is at (2, 4).
You are at (3, 3).
You are at (4, 3).
You are at (5, 3).
You cannot move East.
You are at (5, 3).
You cannot move East.
You are at (5, 3).
You are at (5, 2).
You are at (5, 1).
You cannot move South.
You are at (5, 1).
You cannot move South.
You are at (5, 1).
You cannot move South.
You are at (5, 1).
The Wumpus is at (3, 4).
The Wumpus is at (4, 4).
The Wumpus is at (5, 4).
The Wumpus is at (5, 3).
The Wumpus is at (5, 2).
The Wumpus is at (5, 1).
You have killed the Wumpus.  You win!
