The Hero is at (2, 3).
The Hero is at (2, 4).
The Hero is at (1, 4).
The Hero is at (1, 3).
You are at (3, 4).
You are at (2, 4).
You are at (2, 3).
You are at (3, 3).
You are at (3, 4).
The Hero is at (2, 3).
You are at (2, 4).
The Hero is at (3, 3).
The Hero is at (4, 3).
The Hero is at (5, 3).
The Hero cannot move East.
The Hero is at (5, 3).
The Hero cannot move East.
The Hero is at (5, 3).
The Hero is at (5, 2).
The Hero is at (5, 1).
The Hero cannot move South.
The Hero is at (5, 1).
The Hero cannot move South.
The Hero is at (5, 1).
The Hero cannot move South.
The Hero is at (5, 1).
You are at (3, 4).
You are at (4, 4).
You are at (5, 4).
You are at (5, 3).
You are at (5, 2).
You are at (5, 1).
You have been killed by the Hero.  You lose.
